#TYPE System.IO.FileInfo
"PSPath","PSParentPath","PSChildName","PSDrive","PSProvider","PSIsContainer","Mode","VersionInfo","BaseName","Target","LinkType","Name","Length","DirectoryName","Directory","IsReadOnly","Exists","FullName","Extension","CreationTime","CreationTimeUtc","LastAccessTime","LastAccessTimeUtc","LastWriteTime","LastWriteTimeUtc","Attributes"
"Microsoft.PowerShell.Core\FileSystem::C:\Users\champuser\CSI230-01\week9\otherstuff.ps1","Microsoft.PowerShell.Core\FileSystem::C:\Users\champuser\CSI230-01\week9","otherstuff.ps1","C","Microsoft.PowerShell.Core\FileSystem","False","-a----","File:             C:\Users\champuser\CSI230-01\week9\otherstuff.ps1
InternalName:     
OriginalFilename: 
FileVersion:      
FileDescription:  
Product:          
ProductVersion:   
Debug:            False
Patched:          False
PreRelease:       False
PrivateBuild:     False
SpecialBuild:     False
Language:         
","otherstuff","System.Collections.Generic.List`1[System.String]",,"otherstuff.ps1","0","C:\Users\champuser\CSI230-01\week9","C:\Users\champuser\CSI230-01\week9","False","True","C:\Users\champuser\CSI230-01\week9\otherstuff.ps1",".ps1","10/25/2023 1:55:32 PM","10/25/2023 5:55:32 PM","10/25/2023 1:55:32 PM","10/25/2023 5:55:32 PM","10/25/2023 1:55:32 PM","10/25/2023 5:55:32 PM","Archive"
"Microsoft.PowerShell.Core\FileSystem::C:\Users\champuser\CSI230-01\week9\stuff.ps1","Microsoft.PowerShell.Core\FileSystem::C:\Users\champuser\CSI230-01\week9","stuff.ps1","C","Microsoft.PowerShell.Core\FileSystem","False","-a----","File:             C:\Users\champuser\CSI230-01\week9\stuff.ps1
InternalName:     
OriginalFilename: 
FileVersion:      
FileDescription:  
Product:          
ProductVersion:   
Debug:            False
Patched:          False
PreRelease:       False
PrivateBuild:     False
SpecialBuild:     False
Language:         
","stuff","System.Collections.Generic.List`1[System.String]",,"stuff.ps1","0","C:\Users\champuser\CSI230-01\week9","C:\Users\champuser\CSI230-01\week9","False","True","C:\Users\champuser\CSI230-01\week9\stuff.ps1",".ps1","10/25/2023 1:55:32 PM","10/25/2023 5:55:32 PM","10/25/2023 1:55:32 PM","10/25/2023 5:55:32 PM","10/25/2023 1:55:32 PM","10/25/2023 5:55:32 PM","Archive"
